2024-07-29T14:46:18: getdetail 
2024-07-29T14:46:18: Connected to database
Error: bind EADDRINUSE null:5000
    at listenOnPrimaryHandle (node:net:1940:18)
    at shared (node:internal/cluster/child:157:3)
    at Worker.<anonymous> (node:internal/cluster/child:110:7)
    at process.onInternalMessage (node:internal/cluster/utils:49:5)
    at process.emit (node:events:526:35)
    at emit (node:internal/child_process:951:14)
    at process.processTicksAndRejections (node:internal/process/task_queues:83:21)
2024-07-29T14:46:23: getdetail 
2024-07-29T14:46:23: Connected to database
Error: bind EADDRINUSE null:5000
    at listenOnPrimaryHandle (node:net:1940:18)
    at shared (node:internal/cluster/child:157:3)
    at Worker.<anonymous> (node:internal/cluster/child:110:7)
    at process.onInternalMessage (node:internal/cluster/utils:49:5)
    at process.emit (node:events:526:35)
    at emit (node:internal/child_process:951:14)
    at process.processTicksAndRejections (node:internal/process/task_queues:83:21)
2024-07-29T14:46:29: getdetail 
2024-07-29T14:46:29: Connected to database
Error: bind EADDRINUSE null:5000
    at listenOnPrimaryHandle (node:net:1940:18)
    at shared (node:internal/cluster/child:157:3)
    at Worker.<anonymous> (node:internal/cluster/child:110:7)
    at process.onInternalMessage (node:internal/cluster/utils:49:5)
    at process.emit (node:events:526:35)
    at emit (node:internal/child_process:951:14)
    at process.processTicksAndRejections (node:internal/process/task_queues:83:21)
2024-07-29T14:46:34: getdetail 
2024-07-29T14:46:34: Connected to database
Error: bind EADDRINUSE null:5000
    at listenOnPrimaryHandle (node:net:1940:18)
    at shared (node:internal/cluster/child:157:3)
    at Worker.<anonymous> (node:internal/cluster/child:110:7)
    at process.onInternalMessage (node:internal/cluster/utils:49:5)
    at process.emit (node:events:526:35)
    at emit (node:internal/child_process:951:14)
    at process.processTicksAndRejections (node:internal/process/task_queues:83:21)
2024-07-29T14:46:39: getdetail 
2024-07-29T14:46:39: Connected to database
Error: bind EADDRINUSE null:5000
    at listenOnPrimaryHandle (node:net:1940:18)
    at shared (node:internal/cluster/child:157:3)
    at Worker.<anonymous> (node:internal/cluster/child:110:7)
    at process.onInternalMessage (node:internal/cluster/utils:49:5)
    at process.emit (node:events:526:35)
    at emit (node:internal/child_process:951:14)
    at process.processTicksAndRejections (node:internal/process/task_queues:83:21)
2024-07-29T14:46:43: getdetail 
2024-07-29T14:46:43: Connected to database
Error: bind EADDRINUSE null:5000
    at listenOnPrimaryHandle (node:net:1940:18)
    at shared (node:internal/cluster/child:157:3)
    at Worker.<anonymous> (node:internal/cluster/child:110:7)
    at process.onInternalMessage (node:internal/cluster/utils:49:5)
    at process.emit (node:events:526:35)
    at emit (node:internal/child_process:951:14)
    at process.processTicksAndRejections (node:internal/process/task_queues:83:21)
2024-07-29T14:46:50: getdetail 
2024-07-29T14:46:50: Connected to database
Error: bind EADDRINUSE null:5000
    at listenOnPrimaryHandle (node:net:1940:18)
    at shared (node:internal/cluster/child:157:3)
    at Worker.<anonymous> (node:internal/cluster/child:110:7)
    at process.onInternalMessage (node:internal/cluster/utils:49:5)
    at process.emit (node:events:526:35)
    at emit (node:internal/child_process:951:14)
    at process.processTicksAndRejections (node:internal/process/task_queues:83:21)
2024-07-29T14:46:57: getdetail 
2024-07-29T14:46:57: Connected to database
Error: bind EADDRINUSE null:5000
    at listenOnPrimaryHandle (node:net:1940:18)
    at shared (node:internal/cluster/child:157:3)
    at Worker.<anonymous> (node:internal/cluster/child:110:7)
    at process.onInternalMessage (node:internal/cluster/utils:49:5)
    at process.emit (node:events:526:35)
    at emit (node:internal/child_process:951:14)
    at process.processTicksAndRejections (node:internal/process/task_queues:83:21)
2024-07-29T14:47:04: getdetail 
2024-07-29T14:47:04: Connected to database
Error: bind EADDRINUSE null:5000
    at listenOnPrimaryHandle (node:net:1940:18)
    at shared (node:internal/cluster/child:157:3)
    at Worker.<anonymous> (node:internal/cluster/child:110:7)
    at process.onInternalMessage (node:internal/cluster/utils:49:5)
    at process.emit (node:events:526:35)
    at emit (node:internal/child_process:951:14)
    at process.processTicksAndRejections (node:internal/process/task_queues:83:21)
2024-07-29T14:47:12: getdetail 
2024-07-29T14:47:12: Connected to database
Error: bind EADDRINUSE null:5000
    at listenOnPrimaryHandle (node:net:1940:18)
    at shared (node:internal/cluster/child:157:3)
    at Worker.<anonymous> (node:internal/cluster/child:110:7)
    at process.onInternalMessage (node:internal/cluster/utils:49:5)
    at process.emit (node:events:526:35)
    at emit (node:internal/child_process:951:14)
    at process.processTicksAndRejections (node:internal/process/task_queues:83:21)
2024-07-29T14:47:19: getdetail 
2024-07-29T14:47:19: Connected to database
Error: bind EADDRINUSE null:5000
    at listenOnPrimaryHandle (node:net:1940:18)
    at shared (node:internal/cluster/child:157:3)
    at Worker.<anonymous> (node:internal/cluster/child:110:7)
    at process.onInternalMessage (node:internal/cluster/utils:49:5)
    at process.emit (node:events:526:35)
    at emit (node:internal/child_process:951:14)
    at process.processTicksAndRejections (node:internal/process/task_queues:83:21)
2024-07-29T14:47:31: getdetail 
2024-07-29T14:47:31: Connected to database
Error: bind EADDRINUSE null:5000
    at listenOnPrimaryHandle (node:net:1940:18)
    at shared (node:internal/cluster/child:157:3)
    at Worker.<anonymous> (node:internal/cluster/child:110:7)
    at process.onInternalMessage (node:internal/cluster/utils:49:5)
    at process.emit (node:events:526:35)
    at emit (node:internal/child_process:951:14)
    at process.processTicksAndRejections (node:internal/process/task_queues:83:21)
2024-07-29T14:47:36: getdetail 
2024-07-29T14:47:36: Connected to database
Error: bind EADDRINUSE null:5000
    at listenOnPrimaryHandle (node:net:1940:18)
    at shared (node:internal/cluster/child:157:3)
    at Worker.<anonymous> (node:internal/cluster/child:110:7)
    at process.onInternalMessage (node:internal/cluster/utils:49:5)
    at process.emit (node:events:526:35)
    at emit (node:internal/child_process:951:14)
    at process.processTicksAndRejections (node:internal/process/task_queues:83:21)
2024-07-29T14:47:42: getdetail 
2024-07-29T14:47:42: Connected to database
Error: bind EADDRINUSE null:5000
    at listenOnPrimaryHandle (node:net:1940:18)
    at shared (node:internal/cluster/child:157:3)
    at Worker.<anonymous> (node:internal/cluster/child:110:7)
    at process.onInternalMessage (node:internal/cluster/utils:49:5)
    at process.emit (node:events:526:35)
    at emit (node:internal/child_process:951:14)
    at process.processTicksAndRejections (node:internal/process/task_queues:83:21)
2024-07-29T14:47:49: getdetail 
2024-07-29T14:47:49: Connected to database
Error: bind EADDRINUSE null:5000
    at listenOnPrimaryHandle (node:net:1940:18)
    at shared (node:internal/cluster/child:157:3)
    at Worker.<anonymous> (node:internal/cluster/child:110:7)
    at process.onInternalMessage (node:internal/cluster/utils:49:5)
    at process.emit (node:events:526:35)
    at emit (node:internal/child_process:951:14)
    at process.processTicksAndRejections (node:internal/process/task_queues:83:21)
2024-07-29T14:47:54: getdetail 
2024-07-29T14:47:54: Connected to database
Error: bind EADDRINUSE null:5000
    at listenOnPrimaryHandle (node:net:1940:18)
    at shared (node:internal/cluster/child:157:3)
    at Worker.<anonymous> (node:internal/cluster/child:110:7)
    at process.onInternalMessage (node:internal/cluster/utils:49:5)
    at process.emit (node:events:526:35)
    at emit (node:internal/child_process:951:14)
    at process.processTicksAndRejections (node:internal/process/task_queues:83:21)
2024-07-29T14:47:59: getdetail 
2024-07-29T14:47:59: Connected to database
Error: bind EADDRINUSE null:5000
    at listenOnPrimaryHandle (node:net:1940:18)
    at shared (node:internal/cluster/child:157:3)
    at Worker.<anonymous> (node:internal/cluster/child:110:7)
    at process.onInternalMessage (node:internal/cluster/utils:49:5)
    at process.emit (node:events:526:35)
    at emit (node:internal/child_process:951:14)
    at process.processTicksAndRejections (node:internal/process/task_queues:83:21)
2024-07-29T14:48:04: getdetail 
2024-07-29T14:48:04: Connected to database
Error: bind EADDRINUSE null:5000
    at listenOnPrimaryHandle (node:net:1940:18)
    at shared (node:internal/cluster/child:157:3)
    at Worker.<anonymous> (node:internal/cluster/child:110:7)
    at process.onInternalMessage (node:internal/cluster/utils:49:5)
    at process.emit (node:events:526:35)
    at emit (node:internal/child_process:951:14)
    at process.processTicksAndRejections (node:internal/process/task_queues:83:21)
2024-07-29T14:48:10: getdetail 
2024-07-29T14:48:10: Connected to database
Error: bind EADDRINUSE null:5000
    at listenOnPrimaryHandle (node:net:1940:18)
    at shared (node:internal/cluster/child:157:3)
    at Worker.<anonymous> (node:internal/cluster/child:110:7)
    at process.onInternalMessage (node:internal/cluster/utils:49:5)
    at process.emit (node:events:526:35)
    at emit (node:internal/child_process:951:14)
    at process.processTicksAndRejections (node:internal/process/task_queues:83:21)
2024-07-29T14:48:17: getdetail 
2024-07-29T14:48:18: Connected to database
Error: bind EADDRINUSE null:5000
    at listenOnPrimaryHandle (node:net:1940:18)
    at shared (node:internal/cluster/child:157:3)
    at Worker.<anonymous> (node:internal/cluster/child:110:7)
    at process.onInternalMessage (node:internal/cluster/utils:49:5)
    at process.emit (node:events:526:35)
    at emit (node:internal/child_process:951:14)
    at process.processTicksAndRejections (node:internal/process/task_queues:83:21)
2024-07-29T14:48:24: getdetail 
2024-07-29T14:48:24: Connected to database
Error: bind EADDRINUSE null:5000
    at listenOnPrimaryHandle (node:net:1940:18)
    at shared (node:internal/cluster/child:157:3)
    at Worker.<anonymous> (node:internal/cluster/child:110:7)
    at process.onInternalMessage (node:internal/cluster/utils:49:5)
    at process.emit (node:events:526:35)
    at emit (node:internal/child_process:951:14)
    at process.processTicksAndRejections (node:internal/process/task_queues:83:21)
2024-07-29T14:48:30: getdetail 
2024-07-29T14:48:30: Connected to database
Error: bind EADDRINUSE null:5000
    at listenOnPrimaryHandle (node:net:1940:18)
    at shared (node:internal/cluster/child:157:3)
    at Worker.<anonymous> (node:internal/cluster/child:110:7)
    at process.onInternalMessage (node:internal/cluster/utils:49:5)
    at process.emit (node:events:526:35)
    at emit (node:internal/child_process:951:14)
    at process.processTicksAndRejections (node:internal/process/task_queues:83:21)
2024-07-29T14:48:37: getdetail 
2024-07-29T14:48:37: Connected to database
Error: bind EADDRINUSE null:5000
    at listenOnPrimaryHandle (node:net:1940:18)
    at shared (node:internal/cluster/child:157:3)
    at Worker.<anonymous> (node:internal/cluster/child:110:7)
    at process.onInternalMessage (node:internal/cluster/utils:49:5)
    at process.emit (node:events:526:35)
    at emit (node:internal/child_process:951:14)
    at process.processTicksAndRejections (node:internal/process/task_queues:83:21)
2024-07-29T14:48:41: getdetail 
2024-07-29T14:48:41: Connected to database
Error: bind EADDRINUSE null:5000
    at listenOnPrimaryHandle (node:net:1940:18)
    at shared (node:internal/cluster/child:157:3)
    at Worker.<anonymous> (node:internal/cluster/child:110:7)
    at process.onInternalMessage (node:internal/cluster/utils:49:5)
    at process.emit (node:events:526:35)
    at emit (node:internal/child_process:951:14)
    at process.processTicksAndRejections (node:internal/process/task_queues:83:21)
2024-07-29T14:48:47: getdetail 
2024-07-29T14:48:47: Connected to database
Error: bind EADDRINUSE null:5000
    at listenOnPrimaryHandle (node:net:1940:18)
    at shared (node:internal/cluster/child:157:3)
    at Worker.<anonymous> (node:internal/cluster/child:110:7)
    at process.onInternalMessage (node:internal/cluster/utils:49:5)
    at process.emit (node:events:526:35)
    at emit (node:internal/child_process:951:14)
    at process.processTicksAndRejections (node:internal/process/task_queues:83:21)
2024-07-29T14:48:52: getdetail 
2024-07-29T14:48:52: Connected to database
Error: bind EADDRINUSE null:5000
    at listenOnPrimaryHandle (node:net:1940:18)
    at shared (node:internal/cluster/child:157:3)
    at Worker.<anonymous> (node:internal/cluster/child:110:7)
    at process.onInternalMessage (node:internal/cluster/utils:49:5)
    at process.emit (node:events:526:35)
    at emit (node:internal/child_process:951:14)
    at process.processTicksAndRejections (node:internal/process/task_queues:83:21)
2024-07-29T14:48:57: getdetail 
2024-07-29T14:48:57: Connected to database
Error: bind EADDRINUSE null:5000
    at listenOnPrimaryHandle (node:net:1940:18)
    at shared (node:internal/cluster/child:157:3)
    at Worker.<anonymous> (node:internal/cluster/child:110:7)
    at process.onInternalMessage (node:internal/cluster/utils:49:5)
    at process.emit (node:events:526:35)
    at emit (node:internal/child_process:951:14)
    at process.processTicksAndRejections (node:internal/process/task_queues:83:21)
2024-07-29T14:49:03: getdetail 
2024-07-29T14:49:03: Connected to database
Error: bind EADDRINUSE null:5000
    at listenOnPrimaryHandle (node:net:1940:18)
    at shared (node:internal/cluster/child:157:3)
    at Worker.<anonymous> (node:internal/cluster/child:110:7)
    at process.onInternalMessage (node:internal/cluster/utils:49:5)
    at process.emit (node:events:526:35)
    at emit (node:internal/child_process:951:14)
    at process.processTicksAndRejections (node:internal/process/task_queues:83:21)
2024-07-29T14:49:08: getdetail 
2024-07-29T14:49:08: Connected to database
Error: bind EADDRINUSE null:5000
    at listenOnPrimaryHandle (node:net:1940:18)
    at shared (node:internal/cluster/child:157:3)
    at Worker.<anonymous> (node:internal/cluster/child:110:7)
    at process.onInternalMessage (node:internal/cluster/utils:49:5)
    at process.emit (node:events:526:35)
    at emit (node:internal/child_process:951:14)
    at process.processTicksAndRejections (node:internal/process/task_queues:83:21)
2024-07-29T14:49:13: getdetail 
2024-07-29T14:49:13: Connected to database
Error: bind EADDRINUSE null:5000
    at listenOnPrimaryHandle (node:net:1940:18)
    at shared (node:internal/cluster/child:157:3)
    at Worker.<anonymous> (node:internal/cluster/child:110:7)
    at process.onInternalMessage (node:internal/cluster/utils:49:5)
    at process.emit (node:events:526:35)
    at emit (node:internal/child_process:951:14)
    at process.processTicksAndRejections (node:internal/process/task_queues:83:21)
2024-07-29T14:49:18: getdetail 
2024-07-29T14:49:18: Connected to database
Error: bind EADDRINUSE null:5000
    at listenOnPrimaryHandle (node:net:1940:18)
    at shared (node:internal/cluster/child:157:3)
    at Worker.<anonymous> (node:internal/cluster/child:110:7)
    at process.onInternalMessage (node:internal/cluster/utils:49:5)
    at process.emit (node:events:526:35)
    at emit (node:internal/child_process:951:14)
    at process.processTicksAndRejections (node:internal/process/task_queues:83:21)
2024-07-29T14:49:24: getdetail 
2024-07-29T14:49:24: Connected to database
Error: bind EADDRINUSE null:5000
    at listenOnPrimaryHandle (node:net:1940:18)
    at shared (node:internal/cluster/child:157:3)
    at Worker.<anonymous> (node:internal/cluster/child:110:7)
    at process.onInternalMessage (node:internal/cluster/utils:49:5)
    at process.emit (node:events:526:35)
    at emit (node:internal/child_process:951:14)
    at process.processTicksAndRejections (node:internal/process/task_queues:83:21)
2024-07-29T14:49:32: getdetail 
2024-07-29T14:49:32: Connected to database
Error: bind EADDRINUSE null:5000
    at listenOnPrimaryHandle (node:net:1940:18)
    at shared (node:internal/cluster/child:157:3)
    at Worker.<anonymous> (node:internal/cluster/child:110:7)
    at process.onInternalMessage (node:internal/cluster/utils:49:5)
    at process.emit (node:events:526:35)
    at emit (node:internal/child_process:951:14)
    at process.processTicksAndRejections (node:internal/process/task_queues:83:21)
2024-07-29T14:49:39: getdetail 
2024-07-29T14:49:39: Connected to database
Error: bind EADDRINUSE null:5000
    at listenOnPrimaryHandle (node:net:1940:18)
    at shared (node:internal/cluster/child:157:3)
    at Worker.<anonymous> (node:internal/cluster/child:110:7)
    at process.onInternalMessage (node:internal/cluster/utils:49:5)
    at process.emit (node:events:526:35)
    at emit (node:internal/child_process:951:14)
    at process.processTicksAndRejections (node:internal/process/task_queues:83:21)
2024-07-29T14:49:46: getdetail 
2024-07-29T14:49:47: Connected to database
2024-07-29T14:49:47: Backend running on port 5000
2024-07-29T14:52:15: getdetail 
2024-07-29T14:52:15: Connected to database
2024-07-29T14:52:16: Backend running on port 5000
2024-07-29T15:37:25: getdetail 
2024-07-29T15:37:25: Connected to database
2024-07-29T15:37:26: Backend running on port 5000
